#
# A fatal error has been detected by the Java Runtime Environment:
#
#  Internal Error (javaClasses.cpp:129), pid=7980, tid=4812
#  fatal error: Invalid layout of preloaded class
#
# JRE version: 7.0_25-b17
# Java VM: Java HotSpot(TM) Client VM (23.25-b01 mixed mode windows-x86 )
# Failed to write core dump. Minidumps are not enabled by default on client versions of Windows
#
# If you would like to submit a bug report, please visit:
#   http://bugreport.sun.com/bugreport/crash.jsp
#

---------------  T H R E A D  ---------------

Current thread (0x00c1b000):  JavaThread "Unknown thread" [_thread_in_vm, id=4812, stack(0x00b20000,0x00b70000)]

Stack: [0x00b20000,0x00b70000],  sp=0x00b6fae0,  free space=318k
Native frames: (J=compiled Java code, j=interpreted, Vv=VM code, C=native code)
V  [jvm.dll+0x167e31]
V  [jvm.dll+0x1620f6]
V  [jvm.dll+0x1f92f]
V  [jvm.dll+0x1f9b6]
V  [jvm.dll+0x2cffd]
V  [jvm.dll+0x2d2a9]
V  [jvm.dll+0x75351]
V  [jvm.dll+0x7570b]
V  [jvm.dll+0x123881]
V  [jvm.dll+0x1439cc]
V  [jvm.dll+0xa619f]
C  [javaw.exe+0x13ca]
C  [javaw.exe+0x1e3c]
C  [javaw.exe+0xa5b1]
C  [javaw.exe+0xa63b]
C  [kernel32.dll+0x1338a]  BaseThreadInitThunk+0x12
C  [ntdll.dll+0x39f72]  RtlInitializeExceptionChain+0x63
C  [ntdll.dll+0x39f45]  RtlInitializeExceptionChain+0x36


---------------  P R O C E S S  ---------------

Java Threads: ( => current thread )

Other Threads:

=>0x00c1b000 (exited) JavaThread "Unknown thread" [_thread_in_vm, id=4812, stack(0x00b20000,0x00b70000)]

VM state:not at safepoint (not fully initialized)

VM Mutex/Monitor currently owned by a thread: None

GC Heap History (0 events):
No events

Deoptimization events (0 events):
No events

Internal exceptions (0 events):
No events

Events (10 events):
Event: 0.108 loading class 0x00d83e90 done
Event: 0.108 loading class 0x00d83470 done
Event: 0.108 loading class 0x00d83448
Event: 0.109 loading class 0x00dfe378
Event: 0.117 loading class 0x00dfe378 done
Event: 0.117 loading class 0x00dfe3b0
Event: 0.118 loading class 0x00dfe3b0 done
Event: 0.118 loading class 0x00dff340
Event: 0.118 loading class 0x00dff340 done
Event: 0.119 loading class 0x00d83448 done


Dynamic libraries:
0x01210000 - 0x0123f000 	C:\Program Files (x86)\Java\jre7\bin\javaw.exe
0x77380000 - 0x77500000 	C:\Windows\SysWOW64\ntdll.dll
0x76aa0000 - 0x76bb0000 	C:\Windows\syswow64\kernel32.dll
0x76260000 - 0x762a7000 	C:\Windows\syswow64\KERNELBASE.dll
0x76840000 - 0x768e0000 	C:\Windows\syswow64\ADVAPI32.dll
0x76730000 - 0x767dc000 	C:\Windows\syswow64\msvcrt.dll
0x74f30000 - 0x74f49000 	C:\Windows\SysWOW64\sechost.dll
0x76e90000 - 0x76f80000 	C:\Windows\syswow64\RPCRT4.dll
0x74db0000 - 0x74e10000 	C:\Windows\syswow64\SspiCli.dll
0x74da0000 - 0x74dac000 	C:\Windows\syswow64\CRYPTBASE.dll
0x76d90000 - 0x76e90000 	C:\Windows\syswow64\USER32.dll
0x765f0000 - 0x76680000 	C:\Windows\syswow64\GDI32.dll
0x76720000 - 0x7672a000 	C:\Windows\syswow64\LPK.dll
0x76bb0000 - 0x76c4d000 	C:\Windows\syswow64\USP10.dll
0x72b10000 - 0x72cae000 	C:\Windows\WinSxS\x86_microsoft.windows.common-controls_6595b64144ccf1df_6.0.7601.17514_none_41e6975e2bd6f2b2\COMCTL32.dll
0x767e0000 - 0x76837000 	C:\Windows\syswow64\SHLWAPI.dll
0x76c60000 - 0x76cc0000 	C:\Windows\system32\IMM32.DLL
0x762f0000 - 0x763bc000 	C:\Windows\syswow64\MSCTF.dll
0x5dcb0000 - 0x5dd6e000 	C:\Program Files (x86)\Java\jre7\bin\msvcr100.dll
0x58400000 - 0x58742000 	C:\Program Files (x86)\Java\jre7\bin\client\jvm.dll
0x731c0000 - 0x731c7000 	C:\Windows\system32\WSOCK32.dll
0x76d50000 - 0x76d85000 	C:\Windows\syswow64\WS2_32.dll
0x762e0000 - 0x762e6000 	C:\Windows\syswow64\NSI.dll
0x73150000 - 0x73182000 	C:\Windows\system32\WINMM.dll
0x76c50000 - 0x76c55000 	C:\Windows\syswow64\PSAPI.DLL
0x5d6a0000 - 0x5d6ac000 	C:\Program Files (x86)\Java\jre7\bin\verify.dll
0x5d680000 - 0x5d6a0000 	C:\Program Files (x86)\Java\jre7\bin\java.dll
0x5d660000 - 0x5d673000 	C:\Program Files (x86)\Java\jre7\bin\zip.dll
0x729a0000 - 0x72a8b000 	C:\Windows\system32\dbghelp.dll

VM Arguments:
jvm_args: -Dfile.encoding=Cp1252 -Xbootclasspath:C:\varun\KDM\adt-bundle-windows-x86-20140321\sdk\platforms\android-19\android.jar 
java_command: com.umkc.json.JsonGenerator
Launcher Type: SUN_STANDARD

Environment Variables:
JAVA_HOME=C:\Program Files (x86)\Java\jdk1.7.0_25
PATH=C:/Program Files (x86)/Java/jre7/bin/client;C:/Program Files (x86)/Java/jre7/bin;C:/Program Files (x86)/Java/jre7/lib/i386;C:\Program Files\Common Files\Microsoft Shared\Windows Live;C:\Program Files (x86)\Common Files\Microsoft Shared\Windows Live;C:\Windows\system32;C:\Windows;C:\Windows\System32\Wbem;C:\Windows\System32\WindowsPowerShell\v1.0\;C:\Program Files\Intel\WiFi\bin\;C:\Program Files\Common Files\Intel\WirelessCommon\;C:\Program Files (x86)\Windows Live\Shared;C:\Program Files (x86)\Common Files\Roxio Shared\DLLShared\;C:\Program Files (x86)\Common Files\Roxio Shared\OEM\DLLShared\;C:\Program Files (x86)\Common Files\Roxio Shared\OEM\DLLShared\;C:\Program Files (x86)\Common Files\Roxio Shared\OEM\12.0\DLLShared\;C:\Program Files (x86)\Roxio\OEM\AudioCore\;c:\Program Files (x86)\Microsoft SQL Server\100\Tools\Binn\;c:\Program Files\Microsoft SQL Server\100\Tools\Binn\;c:\Program Files\Microsoft SQL Server\100\DTS\Binn\;C:\Program Files (x86)\Java\jdk1.7.0_25\bin;C:\varun\Work\android-sdk-windows_old\platform-tools;C:\cygwin\bin;C:\varun\KDM\adt-bundle-windows-x86-20140321\eclipse;
USERNAME=arun
OS=Windows_NT
PROCESSOR_IDENTIFIER=Intel64 Family 6 Model 42 Stepping 7, GenuineIntel



---------------  S Y S T E M  ---------------

OS: Windows 7 , 64 bit Build 7601 Service Pack 1

CPU:total 4 (2 cores per cpu, 2 threads per core) family 6 model 42 stepping 7, cmov, cx8, fxsr, mmx, sse, sse2, sse3, ssse3, sse4.1, sse4.2, popcnt, avx, ht, tsc, tscinvbit

Memory: 4k page, physical 4078580k(868308k free), swap 8155296k(2107564k free)

vm_info: Java HotSpot(TM) Client VM (23.25-b01) for windows-x86 JRE (1.7.0_25-b17), built on Jun 21 2013 13:06:48 by "java_re" with unknown MS VC++:1600

time: Sun May 04 16:15:22 2014
elapsed time: 0 seconds

